TN:
SF:config/default.js
FNF:0
FNH:0
DA:1,3
LF:1
LH:1
BRF:0
BRH:0
end_of_record
TN:
SF:middlewares/verifyToken.js
FN:7,(anonymous_0)
FN:19,(anonymous_1)
FNF:2
FNH:2
FNDA:3,(anonymous_0)
FNDA:2,(anonymous_1)
DA:1,1
DA:2,1
DA:4,1
DA:5,1
DA:7,1
DA:8,3
DA:10,3
DA:11,1
DA:19,2
DA:20,2
DA:22,2
DA:24,1
DA:26,1
DA:28,1
DA:33,1
DA:35,1
DA:39,2
DA:41,2
DA:42,1
DA:44,1
DA:45,1
DA:50,1
LF:22
LH:22
BRDA:10,0,0,1
BRDA:10,0,1,2
BRDA:22,1,0,1
BRDA:22,1,1,1
BRDA:41,2,0,1
BRDA:41,2,1,1
BRF:6
BRH:6
end_of_record
TN:
SF:utils/createToken.js
FN:4,(anonymous_0)
FNF:1
FNH:1
FNDA:3,(anonymous_0)
DA:1,2
DA:2,2
DA:4,2
DA:5,3
DA:12,2
LF:5
LH:5
BRDA:4,0,0,2
BRF:1
BRH:1
end_of_record
TN:
SF:utils/cryptoPassword.js
FN:4,(anonymous_0)
FNF:1
FNH:1
FNDA:2,(anonymous_0)
DA:1,1
DA:2,1
DA:4,1
DA:5,2
DA:6,2
DA:8,2
DA:12,1
LF:7
LH:7
BRF:0
BRH:0
end_of_record
